771
16
686
16
1131
277
1577
1670
467
1886
467
467
467
467
496
496
2002
56
2058
2058
56
506
2098
1099
506
1989
2042
2048
1610
2151
2013
2048
2151
2013
512
56
512
2066
1610
2066
56
122
565
565
2274
565
2547
565
565
127
2745
2745
2879
2581
625
2581
759
2083
987
194
1064
4550
2629
1064
4337
1064
1154
194
194
194
4843
5122
5122
303
1287
5963
5963
1287
1287
1287
3402
1442
1442
1533
1533
4554
511
7351
1724
1724
7724
8894
8894
604
8513
7718
9258
5803
2036
7826
8657
604
2227
646
10752
9777
9812
9901
6743
2278
2278
756
2353
756
2364
2456
11326
798
2456
11650
798
12448
10979
798
2537
2537
2537
10855
798
12030
11235
11270
882
2644
13128
11345
7853
2644
2644
2644
11513
2644
904
11424
2644
2644
2644
13311
2644
11552
2644
12556
11873
8529
11749
2758
12488
2857
1324
2857
2857
12639
1396
12857
14211
12768
14234
13556
15117
3072
13616
15032
3072
13688
3072
3072
15180
13668
16673
15265
15265
15265
3139
3139
3139
1493
15822
3218
3218
15907
15822
3218
14303
17512
15934
17512
17512
14294
3218
3218
1578
3258
14414
3258
1578
3421
15290
14966
11639
1578
1578
11639
17034
19028
11847
15990
19268
15955
17695
3597
3683
3807
3807
17057
17495
17406
17619
1910
18435
1910
4165
1939
1939
20522
4165
20607
4165
18582
4240
4240
4240
23780
21831
2034
4443
4443
4531
22610
4677
25540
16129
21019
4712
21243
2262
26028
26028
4834
2262
26575
4934
2311
21641
21991
21978
4945
21983
2311
22390
27163
5081
24852
27279
5110
27279
2311
22638
27576
22883
22759
2410
2410
25750
2410
28448
28448
26027
5256
28448
5256
23439
2506
23563
29104
5420
2599
5420
24223
24312
2599
18709
24394
24152
2626
2626
5555
2665
5575
5575
2665
24890
2665
5898
5964
5964
2665
5964
26465
2665
29356
27245
2672
2672
6177
26996
6304
6304
2769
6420
6471
6471
6498
6498
34337
34583
34583
6531
21534
6531
6531
29015
29015
6555
2858
29022
21729
29217
6618
29274
29239
6618
2936
32402
6747
6747
6747
6747
22245
6842
2975
33309
30287
6842
2996
6917
30736
6949
36690
30868
6949
3048
6949
6949
30877
33798
30753
30789
6949
6949
34011
6949
23233
31001
34507
34422
7073
7073
31437
7119
3112
37718
7119
3167
34801
31631
7130
34845
38077
7189
7189
7228
7228
7228
3217
38469
3217
7228
24208
24232
35809
7346
31595
39202
7346
32632
3304
7346
32632
3304
7435
33077
32988
33206
33206
33060
39737
7461
7549
33675
40440
32891
7549
33551
7607
7607
25780
34110
34021
7637
26026
34103
3611
34327
26228
7738
34088
38260
34808
3611
7822
34205
7822
38501
34205
7822
3611
26396
42027
26396
35426
3611
8079
3611
3611
8079
3697
35309
8104
8104
39801
8198
27406
36433
8198
3697
3697
8198
8198
3697
43897
8225
43897
40285
35672
8225
8316
3697
44601
37245
8498
3773
45217
3802
37911
8550
45737
3969
42315
8631
38495
38693
42859
4062
8686
4062
38715
8686
38839
42774
4162
8686
4162
4162
8742
47592
8800
4162
8875
43815
8875
39606
8875
8875
4231
39675
43868
8875
8875
8875
39779
8901
39816
44046
8901
44131
4268
8957
48538
4268
48538
30655
4274
48556
44571
39752
4274
9013
39767
48780
9013
9013
9013
9013
9147
9147
4274
40749
49316
9147
9147
9147
45127
31035
45127
4309
31364
9259
41289
49869
9259
49869
9259
49869
4309
41329
9269
41306
9269
4321
4321
31770
50645
31770
4321
9444
32109
42454
9599
9599
9693
44574
44625
10057
4510
43607
53664
10107
10107
54200
54200
44959
4622
34171
10193
10193
45285
45462
50569
10245
46136
10326
10326
46500
46500
51172
45554
45554
56016
46515
45851
4814
51538
51623
45851
10501
4877
46929
4909
4909
10519
35870
56895
46934
47491
10611
10611
36183
10611
48017
53078
53359
58388
10785
53443
5114
10806
36873
53443
10806
58472
48371
10806
10806
10912
10997
49056
5181
54256
48653
49486
11142
5181
50313
50256
11343
11343
60821
55737
50598
50744
50766
49724
56041
56540
5187
5187
11622
11622
51708
51708
38920
51954
11751
57715
11795
52485
11795
52468
52433
52557
5456
57998
11795
11795
11795
11795
51659
52034
58333
58333
52670
5581
11795
11845
64242
11854
52965
11854
53089
58780
53178
53089
64509
41477
12082
41477
12082
54013
65660
54067
59971
54215
12096
59886
54091
54379
12293
12293
5880
54961
5880
55389
61142
55300
12369
12369
67022
12369
61275
55267
55406
12369
12378
5986
12502
55881
55938
55938
55938
62034
56012
68094
12502
43103
68170
56227
55916
56533
56719
62670
68948
56795
68948
56940
12737
56975
12737
63105
56935
56992
56935
57081
12762
6100
57181
57181
43743
6100
57057
63154
12899
63929
44230
44230
44230
63929
12899
57807
57548
64672
13140
13140
58709
6205
13248
6258
6258
13287
13287
60039
13439
59958
66178
13439
13439
13439
72436
6258
59901
60047
60078
59231
13582
13582
13582
6289
60834
13659
13659
13659
13659
60869
60812
6289
67120
13659
6415
61480
6503
13758
74959
74959
14055
61580
62610
14055
62667
6503
75979
14141
6503
14141
14202
14202
63220
14202
14251
63607
63708
48154
76831
6515
6550
64238
14477
14477
14477
14477
64345
70914
14526
6555
64546
64692
14526
64898
78027
14614
64920
64955
6555
78027
14614
6631
78255
71624
78255
14614
14614
71709
65120
64974
65124
65500
6631
64151
14813
14813
66064
73044
6631
73129
6631
15025
66675
15025
79899
15025
6631
79943
15036
15100
6799
15186
15351
66455
66455
51084
15384
6799
68244
6799
6848
82018
82018
15392
66626
68360
68688
82983
69215
15592
15592
6978
83284
15611
6978
6978
52075
76306
15611
69309
76306
76306
15703
69865
77237
15735
70541
84953
70548
15867
70605
84953
15867
7193
15867
69086
7217
7217
7217
15918
71193
71472
71618
71494
78708
16092
71618
78712
86267
7219
16176
16176
7219
70091
53928
79304
16240
16240
79389
7219
7219
86523
70283
7219
7219
79908
79993
16391
87127
79993
16391
16391
72670
16391
87127
16391
16391
16414
80341
7347
16489
55227
16626
16626
73909
74150
74150
74115
81630
81630
16672
74093
74150
16771
82111
16771
74635
7518
89544
89736
82917
75234
75269
16931
16931
75269
75234
75212
75269
56584
7601
17011
75589
17011
17011
17011
17085
17085
7738
75965
83839
7754
7754
7754
92016
76489
17212
76591
57749
84443
17287
92460
84658
92460
17287
17287
17314
84851
84766
17345
17345
7816
17363
17442
17442
85306
77617
77528
75680
17442
17442
7816
93647
78036
94019
78072
17547
7975
78107
17658
17658
78732
95003
59700
79216
79251
87648
79496
17858
96199
79870
8155
8155
17957
60494
8155
88720
18126
8235
18161
80823
80766
18161
8235
97407
8235
81160
8235
97503
97571
97635
81146
18287
18287
18287
18287
89524
18362
8243
81635
18362
8291
8291
81772
8291
18362
98227
61516
81683
81626
81683
81683
90021
18362
18427
81943
18499
98991
82412
82390
80438
82845
18621
91342
18695
62293
83017
18695
62293
83052
99670
82995
100026
83373
92049
84285
84320
18959
101587
8615
92972
84338
8615
19054
19054
102084
83030
8654
102084
102318
85477
103274
19293
85870
8889
95735
65755
19445
86795
19445
96162
19527
87215
9074
96279
19663
19663
86165
19663
87775
96738
19663
19663
19663
19663
9106
87702
19663
87667
19663
19663
66589
87801
87987
88044
9188
87987
19895
67273
88892
9279
67614
9279
19956
19956
89136
19956
89150
89446
9421
20052
20124
68724
88982
89129
100639
91189
110114
20581
111402
20776
20776
69865
9464
20874
90920
92869
91295
93756
21087
9464
9464
21087
9464
21201
21201
94177
9464
21201
94652
21361
9552
95029
9615
21361
21361
9615
21407
21407
21407
21407
21407
104806
95297
21407
95495
95552
21493
71813
21493
95552
21568
115086
21652
9703
106005
9703
115623
96220
115623
21652
21652
9703
9703
21657
21657
106574
96850
97335
21860
21860
21867
9862
97274
97648
97730
73688
21976
9939
21976
97876
21987
21987
117671
22081
9939
22081
22081
22164
118379
96491
98907
9939
9939
22256
98872
98907
22325
99278
119735
22389
100124
120568
100073
100219
120836
10238
22554
100377
110755
100434
100377
22554
100377
10274
100523
111235
76089
101355
76285
101639
10282
22844
22844
22844
101691
101602
76453
22844
22844
22844
22844
10337
111956
22844
122293
22844
76618
122661
22936
22936
22987
112546
77027
100280
23129
10369
103162
113404
10369
103173
23215
23215
103138
23215
113589
113504
113504
124065
113717
77648
103202
124065
23215
113725
77652
103188
103210
77652
113924
103556
23309
10433
23580
115532
105060
23748
115848
23748
78840
105376
105500
10475
102575
105354
23748
10475
23748
23793
105556
102860
105880
10475
10475
10475
23843
23843
10475
23843
10475
105926
10475
105926
116792
23993
103436
23993
24035
117238
127834
103799
117238
10596
107041
104003
117595
107244
24181
24181
80114
10611
117937
24261
107564
24322
129027
24322
129027
107908
108402
129565
105173
119472
10645
10645
81146
119914
130800
120115
109241
109387
24646
24646
24646
131082
81803
10864
24646
109491
10874
10874
120495
120495
24665
82015
24665
24665
82015
109469
109491
24665
10922
82115
109726
24715
10922
24807
10922
24931
25014
25014
25081
25081
25114
133128
25229
10958
111818
111801
112223
123094
112223
25298
10998
134092
112658
25429
10998
25429
83840
135131
25755
25755
125260
125613
136907
114627
111080
25875
25875
114592
25950
137383
25982
11183
115020
115055
25982
25982
137383
114998
115055
11183
11183
11183
137879
115516
26106
26106
111773
11183
127180
26227
11183
115978
26227
11183
112625
139191
116400
26227
11459
87120
26412
113519
26412
26412
117016
26412
139931
26412
11522
117213
87606
114005
26412
117321
26439
114719
141230
26511
11760
26549
117989
26549
26549
114833
11760
26549
11760
26549
114962
141554
88383
118161
11760
26645
118373
26645
26645
11816
26740
142314
11816
26740
26740
26749
118792
142458
119019
130975
26820
89244
119528
119528
26906
132079
116912
143954
120161
120161
89883
27042
27042
27042
116912
120072
27042
12093
12093
120514
120638
12160
144898
117770
120559
27128
120581
120779
12234
133162
27197
12234
145396
12234
120973
27197
91036
120973
121118
121422
27242
12474
12474
27242
27242
12474
146296
27242
133907
133907
12474
27322
27398
27440
122227
119795
147475
27500
27500
27500
27500
27500
122432
12523
27500
12703
27577
123240
93350
123116
123151
27634
148635
123154
12731
123300
27634
12731
123812
136532
121472
123782
12731
136572
93754
27791
27845
121844
124125
136888
27845
149689
124090
124214
27845
137081
149797
27872
27872
27921
27987
27987
122582
124828
150825
124996
151381
151381
125652
12941
151553
12941
12941
28264
123719
12941
13105
124784
28455
13171
127150
127150
127207
13171
153799
28523
127630
28654
154575
128044
28717
13298
13298
128141
141458
141458
28739
28739
128141
28739
154756
154756
28739
126017
28739
13384
28839
13384
142386
130116
29197
130059
127649
157478
29355
13384
128123
29386
29443
144837
131412
131450
144908
29531
29531
131723
29561
131709
145391
131839
159170
132144
13656
13656
159418
132233
159418
29636
132109
29636
13656
13656
29636
129869
13656
159534
159804
132439
29665
146511
13746
132962
132962
29818
29818
133020
101262
133718
13839
131417
29998
29998
29998
29998
133817
29998
147660
29998
133782
29998
13881
29998
30119
30176
102487
134663
163070
30237
30313
14107
135246
133166
163479
135268
163479
133166
163479
14107
30313
30391
149769
103022
149769
133400
30391
103124
135908
30494
164487
136524
14115
14115
30627
103518
14115
136571
134144
164863
14167
30677
165115
150948
30687
30687
14169
136826
30742
14169
30815
137338
104056
104056
30850
166173
138274
135467
31018
31018
138150
135830
135830
14169
14258
152978
153191
167552
14354
14354
154035
14354
168304
140259
106067
169140
31543
137792
106262
31543
14419
31543
155117
137879
106320
31572
140818
31628
169828
140869
31733
170248
31762
31817
31907
14470
31977
31977
142330
171376
171376
139397
32051
171664
32101
139763
32101
14518
32461
14518
173620
14570
32546
159315
159230
32640
141536
14570
32735
160275
32786
141974
32786
145658
32826
32826
174920
160350
160764
160764
142418
14579
33081
33099
142940
33099
161460
176039
161559
109875
14586
176356
161770
176356
33173
14586
33173
143390
14655
33173
33211
147386
33270
14682
33355
33355
148011
33524
148665
33524
148665
178048
33524
33524
163451
148687
33524
33524
178048
14682
33524
33524
33524
33524
33579
33579
178268
14682
148885
148907
33579
33656
163979
33656
33656
149375
33656
14808
149376
14808
33656
149663
149685
33742
149720
164490
179298
149809
14858
179844
33841
112175
33970
14899
33970
14899
151356
112828
34106
34106
151232
151210
151232
181027
14899
181027
166213
14899
34117
151311
34117
166257
147320
181883
34257
34257
14983
151955
14983
34257
34308
152159
34308
182087
152102
15048
15063
182871
152872
152726
34444
152726
114056
168276
34691
169160
154340
169361
15063
34811
184455
114788
34840
169477
15063
154414
34866
155094
155094
185239
15063
155094
35036
35036
35089
35089
150362
170473
185451
15063
35089
35133
35133
35133
155672
35133
115878
35133
170900
35133
15231
15231
151118
15231
186291
186291
115958
35173
35173
35173
35173
186645
155950
186915
156165
156405
156370
15529
156758
156669
156634
152486
172288
35364
35364
35364
15529
172420
187949
188797
15529
157968
15529
35665
173624
35791
159113
35910
154805
118714
36104
36104
191648
36374
15538
36415
161156
15587
36415
36415
36415
36415
155912
36415
15587
36415
15587
177001
192503
161660
36510
192707
15587
36510
15587
36510
36562
36562
36562
192915
161868
15587
119928
193195
162002
162059
177608
193195
36742
36742
193635
162499
36742
36764
178464
120372
36846
15587
36846
36846
37012
194715
37017
37017
163564
163542
37017
37256
164734
121370
37345
196047
164911
37345
121861
37538
159623
37538
37538
15724
15724
197230
165785
37538
181591
37538
37604
37604
197494
122355
197910
37708
37708
37708
122773
166997
37841
37841
161003
198931
167747
161453
38078
183845
38078
183845
168124
123850
123850
162044
38207
168633
38207
200422
38207
38207
38207
184526
200422
162215
168757
162482
200689
168846
168700
200689
200842
38273
16036
38347
201651
38347
169451
38347
16119
169558
169792
125404
16213
163814
38423
164546
187790
171455
171495
204292
38820
127224
204851
38820
38915
38928
172212
188800
188885
16591
172522
172579
16635
16635
172636
16635
172707
173000
39083
173000
16724
173711
128755
16724
190896
39527
39535
39585
39682
175431
209082
175577
39682
39682
39753
192635
175737
209366
16816
39794
176275
16816
210186
39958
130283
40025
176803
176825
176860
16816
130417
210454
40025
40025
130469
176907
16816
40172
194438
40189
40189
16888
40210
171200
177637
194607
177672
16888
194522
40210
40210
194619
16897
40253
40253
40253
131116
16897
131116
211609
177856
177980
195180
212115
212115
40351
17035
17078
17078
40483
213072
132119
172604
40497
178980
17083
178958
196145
40497
179015
213143
179104
213143
132162
17083
17083
172937
179295
40558
173537
40601
179673
214270
179651
40749
40749
180641
180552
174287
180495
198459
180969
40924
198555
40948
17386
133973
40950
215864
17499
175535
181584
41044
17499
41044
41044
199456
182118
41183
17499
41183
182118
41273
134962
41273
17508
41273
182544
41273
200014
17508
17639
41273
17639
182640
183560
41516
183954
201612
41607
41607
136130
41617
17735
219579
219579
17735
17735
17735
41617
17735
177962
136562
184480
41728
220971
41914
41914
41914
17818
42000
42000
186054
42073
185997
179645
186107
204626
42262
42262
186852
17917
187570
187548
223401
187986
188180
139128
42567
188346
206431
224432
42731
42731
188897
42731
188981
225169
182438
42731
207449
42808
42901
189661
207736
182948
182948
225849
225849
226133
189967
189945
42972
42972
189945
42972
42972
189967
226304
42972
18170
226304
226304
189945
42972
18170
190171
43023
18170
208582
18170
208938
18257
43207
209248
190994
141104
191118
18257
43259
43259
209456
43259
209541
209456
191237
191237
18257
141208
191326
191326
43259
43259
191326
227713
209541
227913
43309
184604
141370
43397
43397
43397
210112
210585
18309
43555
211181
43727
18337
43727
211957
230237
230237
193690
211900
43830
43830
211900
43830
230840
43929
43929
44079
18406
195010
18406
195210
18406
44242
18474
213907
188054
18474
18474
144199
196184
196362
44492
234823
190097
44795
197969
235366
44856
45026
198769
236578
199413
45380
18756
200220
45402
201012
219815
45630
45630
18756
45630
45630
238694
220023
147447
18756
45630
45682
45682
18756
220899
45809
221275
240026
240026
194153
45913
45913
18836
45915
240074
202529
45915
202556
45915
202432
194240
45915
45998
202742
18867
148626
203023
221852
46053
194666
18867
46053
46124
203345
18962
149053
203402
46124
46124
46124
195233
222668
203810
18985
46198
241653
46198
223057
223057
18985
18985
204518
196079
18985
18985
223856
149948
196472
46537
18985
243009
196472
205042
46537
46537
18985
46537
243009
224366
205337
46634
19156
46634
244171
46634
205812
205988
46678
225104
19243
151004
205899
197669
46759
225428
46759
46759
19243
206672
226367
226282
46929
198740
245687
207215
46947
19482
247020
227538
208037
47266
227934
47266
200153
19487
228176
47324
19487
228488
47402
209268
248263
19487
47518
47518
209627
153521
209774
209717
19522
153672
153672
19533
209750
47577
19533
248990
47577
47577
248990
19592
229483
229483
47656
229892
210469
47709
19808
211393
251154
203495
48055
48055
19815
48057
19815
155478
251579
19815
231764
48057
48138
252005
48138
48228
252365
232516
212705
204137
212714
48236
48296
252739
156160
19883
213011
48296
253155
213935
213846
48485
156775
205247
213811
233770
156775
253732
48514
205526
48514
254306
214292
205793
214501
206237
157616
234813
20143
234868
48669
48708
48708
48708
48708
235497
48805
215272
215888
48928
256047
48928
216311
216664
49153
20143
256947
49206
49264
20143
217232
257391
20143
49341
237905
217580
49368
49368
49368
20312
49368
238087
238002
49368
49404
238591
49494
49556
218445
20312
49613
259294
218651
49613
49613
49694
49845
49845
260450
20312
220592
50065
50206
221260
212000
221349
50206
221203
212000
20492
262206
161996
221496
161996
221496
50275
242593
222037
50396
263017
50454
222221
20518
50454
50454
263585
50520
264112
163091
223283
223261
50695
223261
214043
50695
223351
50695
50811
223961
244603
50811
50887
50925
20684
245383
20684
51006
20684
20684
266006
51012
215129
51055
51210
51210
246194
51210
51371
51371
51371
226265
165007
226380
20748
165037
51498
216893
226767
51498
51498
51609
51609
227176
227176
51609
51609
227384
248088
248088
227392
51663
248305
51742
20831
51825
51825
51825
269699
248868
269699
270059
270739
52119
20831
229251
229843
20831
271467
229932
52267
219488
167138
52363
52363
52363
230237
52363
272052
230376
272298
167585
52443
168079
168079
231167
252206
52586
52586
52586
21042
52675
52675
21095
231739
232161
274522
232184
52763
52763
274522
232127
274802
52833
52833
52833
52833
52833
52879
233056
52928
52928
21311
233320
254813
233549
170234
276909
234106
234106
53152
255444
170618
53152
223757
234012
53348
234920
234831
277783
234920
53348
21532
53348
234833
21532
53421
256943
53472
235453
278390
224918
21532
21532
53488
224966
21532
235672
53549
257166
171613
225149
278698
236035
236273
279334
236308
236348
53708
279750
236605
258114
236605
279750
236516
236459
53734
236911
172871
21720
237634
21806
237577
53971
237577
53971
53971
21806
259692
239436
54367
239471
261492
22059
283591
261772
239694
261857
22059
239883
54538
54538
22119
175352
54696
22169
230510
54699
54699
240874
22169
285209
263044
285213
54700
54700
230759
54700
241023
285714
54700
241057
241563
22418
54843
264534
264975
22566
54963
54963
287724
265266
288358
55073
265798
55085
55147
55147
243805
243716
55330
55330
55330
244333
55473
244725
245265
55639
268467
55741
22800
55804
55804
22800
22800
55804
268722
55853
55853
246272
55927
56023
56023
269737
56023
56023
269985
269900
56085
247408
56226
270672
247779
270672
56283
56283
56283
294035
56283
294035
248090
248147
248090
56301
56301
271306
56301
56301
56301
248211
23098
248246
56301
56336
56336
248351
181901
294576
248383
272010
249021
295326
249021
239006
239006
249039
56484
272359
249187
56573
249541
56573
56742
23234
56781
250391
296732
250267
239951
56781
296732
23234
56811
23234
56957
56957
251006
56957
274287
240479
251095
251003
56965
56965
56965
23238
56965
57019
23298
57093
57199
57199
298635
23311
275452
57231
298763
275537
252122
23311
275537
57231
57231
23311
57231
57231
252304
252304
57271
57271
57271
184394
298923
57271
252328
57364
57364
57364
57427
253033
253011
23416
299862
253068
57427
57427
23507
23507
57472
57472
253304
57472
277229
300995
277573
277573
254379
254322
254379
277848
57733
254348
57733
254732
57801
254905
57881
57881
302182
57881
57881
255052
57881
23584
57936
278818
244475
57939
186549
57939
57939
57939
244982
186935
255956
303417
23721
303417
58087
303462
23736
279726
58087
303462
279886
58127
58127
58127
58127
58171
23872
256525
58182
304364
58191
58191
23910
257123
257123
23910
58295
280991
58295
188559
23910
58455
188652
23941
58516
58516
305793
257892
247277
306039
58545
58545
306422
306422
258201
189491
58618
282602
282602
58618
258845
58675
258845
306942
58675
58675
58675
24154
58675
307092
24162
58824
259519
24190
259807
58920
308435
308615
249650
308615
58965
24283
58965
190698
58965
24283
24283
59003
59003
59003
59003
190878
59055
284905
250016
24283
309103
191124
285269
59178
250289
59178
59199
285467
310022
24340
24358
59274
59274
250802
261487
59274
24358
24452
251174
261597
310473
261686
261540
24457
310473
59299
59299
59299
59299
286264
286349
24457
286349
251360
261862
59361
59483
262328
262385
59483
192412
311365
59483
192442
262514
59540
192556
59540
59540
59540
287189
192556
311623
24519
262566
59540
262712
59540
59558
59597
59597
59597
59671
59698
24578
263279
24655
59698
59698
193474
59789
288465
59789
59789
24659
59789
313786
24664
264475
60055
264885
289638
264885
24756
60055
264863
60055
24806
24856
60282
24856
60304
266412
266412
24856
291590
24856
266715
266737
24856
24856
60596
267184
195829
317158
24856
24856
24856
24856
24856
267967
256892
268113
268006
293121
317943
24895
268191
293380
318275
318275
318275
257354
60921
24895
268523
24895
60921
60921
24895
60966
24895
60966
258137
24939
319451
24939
61182
61182
61182
269931
197260
61312
270074
24939
61312
270149
61315
197591
25014
61348
270439
61348
320652
320652
25066
61431
270821
320972
25066
61578
296350
61578
296350
61578
271411
321416
198273
321416
296859
25066
61684
198485
322143
61796
297352
61796
61796
61796
61796
272202
61796
61796
198904
322735
61796
323127
273059
298236
61975
273024
199514
62056
298560
273348
273383
25215
323775
62056
25215
62056
25215
323775
324251
62175
273824
62175
25215
25215
324719
274667
299989
25275
325235
274666
62376
62376
274720
25307
274904
62438
62492
62492
275308
263303
275177
62492
62492
325840
62492
263348
62492
275177
275177
275234
62546
263510
62630
326392
326392
201145
25365
25365
62630
276834
276812
276812
25365
302204
276842
302289
276820
264677
276820
62892
201887
201887
62896
25392
62953
62997
63077
63077
25465
278509
278890
63368
25465
304393
279305
63474
203262
279394
63474
63507
330452
330684
63565
63565
279799
305814
63738
63812
268556
63812
280873
281080
25799
63812
281392
281427
205252
281580
63968
307384
205256
281623
307469
25799
63982
64037
282133
64091
64091
333916
64091
64091
64091
269825
282279
282202
64091
64091
334057
25929
25929
282260
282282
282260
270206
270809
308830
64161
26140
26140
64218
282968
64218
26297
64227
271478
283149
26297
335705
335855
283164
309712
309868
283446
64278
26425
207750
26425
26425
207776
64291
26425
64440
64440
284094
284094
64440
26425
64440
272501
272660
284349
284438
64495
337161
64495
284386
310810
64495
284386
337272
310895
64522
284494
284867
284797
284797
284977
64685
64732
285491
26685
26685
312589
64807
64890
64890
26685
26685
64890
286189
64890
286132
339874
64955
64955
64955
286480
64955
64955
286574
286428
286485
64955
286574
286661
286750
64999
64999
64999
26721
65035
313905
313905
287080
275423
26721
65292
26721
26721
65292
341237
210666
65292
276176
341468
341468
288354
65368
315122
288253
26872
26872
26923
26923
65409
65409
288468
65409
65409
288468
26923
65409
65409
342575
288856
315737
288732
26923
65475
26923
65475
26923
26923
289020
65516
65516
27088
289039
212215
65516
27088
316231
343234
65516
65516
277718
277718
277718
65516
27088
65516
343554
65596
289545
212971
290995
65986
291141
27164
292005
66202
214240
346891
214285
214285
292449
346936
319702
292595
347017
66332
292630
280874
292752
66391
292809
27301
292752
292809
66395
27347
66395
214750
27347
292871
292886
348029
66466
293370
293370
293753
66724
66724
66724
66724
66724
66724
349551
66754
216056
216056
27543
282899
294626
349731
294950
322575
350068
216367
295341
66969
27578
66969
295341
295375
295796
295943
323763
323860
27763
284579
67217
285122
352431
67367
352931
27763
67434
67434
67434
297532
297802
67538
297802
298552
353951
67689
27763
27763
67775
27763
326617
67775
27763
218758
27763
67909
67909
67909
67991
27933
288710
68251
220472
68251
68251
28017
301022
28017
301022
68274
301068
329441
301466
28080
68354
289283
357662
301540
28080
68463
68463
68463
301889
330113
301938
68484
302062
68484
221166
68484
68484
302062
68484
290222
302133
358706
28288
302111
358706
28288
68484
28325
68544
68544
68544
68544
68544
302852
302909
68697
360212
303238
291719
360664
332098
303659
68765
303513
68765
28566
303513
68765
68765
68765
360664
68765
223147
360664
28566
28566
68765
68765
68772
28566
223161
360980
360980
28720
28720
333711
69070
69070
69070
224219
304887
334079
69162
69184
305555
305577
69237
69237
28724
69237
69237
69237
69237
28724
224565
305559
305761
224655
305761
28724
69282
293924
69282
69282
224778
69282
69282
363329
306129
224924
69386
69386
69386
69386
28847
28847
69513
335737
307018
69571
295160
28847
335884
28847
335884
364731
307018
69571
69571
225748
69644
69644
307310
336261
225748
69705
69705
28847
69713
336452
365299
69713
307643
307590
69714
336456
69714
28928
69714
69714
307817
69714
365618
365930
69792
308029
308007
296204
69792
28974
226425
28974
29039
337152
308316
337437
69842
308440
337352
69842
337352
69842
226884
29039
69954
69954
308764
296885
70031
338325
297521
297521
227434
309740
338864
309886
70187
309886
309834
298457
310292
310333
29240
29240
29240
228303
310854
310943
369436
340126
70417
340279
311337
311483
70535
311499
340965
29409
70539
70539
370289
70539
70539
70539
29446
299861
311635
70539
229407
311699
70575
29455
70575
29455
70575
311664
229434
311788
341375
341375
341378
70611
70611
341629
29597
311985
311985
70703
29597
70798
70822
230585
230585
230593
342643
70910
70971
29674
70971
343138
372812
343223
29674
313771
71016
71016
29674
302435
314572
71247
373985
71247
29697
373985
314629
71398
29697
71478
303431
71478
71478
71478
315589
71478
375122
71517
71517
345510
232257
315745
71517
71517
29791
71517
71517
232326
71517
315768
29791
29791
232620
71664
304271
71664
316356
375935
71664
346144
346300
71760
304823
29791
317070
317070
346965
304823
376839
376839
71890
233072
72049
377667
72049
318084
317995
348024
72102
29916
29916
348430
318705
234045
306221
348494
348579
72189
72189
378410
318616
72189
72189
72189
348579
72189
234045
72189
72189
348699
234105
72219
29916
349457
29991
234634
72371
72371
319444
307172
30051
72371
235048
72371
72394
72441
72441
380144
319831
319921
72559
350458
235637
30200
72712
30200
72712
72712
320937
351311
30236
320993
236051
72779
72779
72830
30325
72941
309809
72941
322295
73058
322536
322857
322892
323309
30403
323820
237882
73430
73430
311654
354598
73430
30486
73430
324093
324115
30486
385680
73579
73579
355194
385680
30486
73630
238637
30486
325131
238745
73684
325109
30486
238745
73684
325209
73684
238979
238979
30605
73690
239114
73690
239412
326286
73918
387588
326286
73986
387860
313886
30670
30670
239909
74146
74146
74146
74285
358386
30670
74360
358686
328019
358686
328077
358851
240689
74380
74380
74516
74602
74602
390574
74731
74822
330069
330633
392002
361339
361347
30748
330517
361618
317312
392366
361703
75054
361703
30816
75081
331096
317738
362041
331211
75081
331312
362213
75084
393071
331312
30943
331188
30943
393071
75084
30994
331363
393446
331620
331683
75182
331683
331829
393838
318656
318656
31166
331838
31166
75202
31166
363046
331918
31166
75248
31166
243919
31166
243919
243983
75363
75431
395308
244369
364227
75476
75539
75539
31166
333266
75541
364487
395568
244499
364487
333594
333683
395888
75621
364866
31238
31238
333666
396104
364866
365974
75880
75880
75880
334827
75880
397512
75946
335122
335087
321656
76018
397968
76132
335711
367054
31371
336164
336800
76349
76349
399439
76355
31458
76463
368938
31458
31458
338242
76710
338185
338185
31458
247713
338331
76710
401120
31466
31466
247793
31466
247929
325034
370372
76857
31519
339340
370817
31519
248540
77032
31519
77032
31526
371446
371862
404036
77319
372973
31677
77407
327158
404565
77407
77407
77407
341332
77442
31677
373028
341795
77653
77653
405834
405834
77653
77653
374246
77699
342601
342900
342900
343046
342900
406641
77823
251148
77831
77831
77831
329132
77831
77831
251537
343540
32043
77970
375872
77970
343810
77970
343832
343923
32134
77970
376230
78054
78108
32222
344870
344870
253215
78240
345119
78240
409682
78240
377410
345119
345119
331730
78240
78457
32424
346196
78660
78660
411818
32490
348467
78982
32506
79051
79263
349502
414476
32506
349817
79356
32506
79356
349963
349817
349817
335492
349839
79450
415224
79450
382803
415224
79450
335774
79450
79450
79450
350453
32620
79490
350524
79490
32620
350613
256759
79490
415726
350489
383191
79490
336488
336488
383469
32649
79617
351026
79617
383757
32649
79617
79659
336998
351409
79854
384711
79854
417278
417278
352005
417306
79861
352129
257633
257633
417648
79879
352763
385463
352757
80032
80032
338228
352757
418544
80138
80138
386170
80138
80160
353560
80160
80160
80160
386796
386881
80279
80295
353973
386904
354214
80422
80422
80422
80422
80464
80464
420963
355012
355308
422127
33187
260810
80665
422376
80763
342122
342122
80763
80826
356522
423137
80826
33309
80826
342527
33309
33309
356962
357086
423577
80936
261718
33309
390344
80936
80936
357192
357192
357249
80970
424061
80970
390721
357704
357726
262390
81162
81177
81177
343712
33425
424985
81201
343784
81201
81201
81201
81300
262794
33481
358785
425709
358750
425709
344369
392313
81340
33481
81340
392553
81400
359114
33488
33488
33488
81400
358997
81400
425970
344570
81407
81407
33508
81486
81486
392951
81540
359555
263539
81548
81559
393549
393464
81559
81559
81690
81762
33746
81855
361075
81949
346991
81949
33746
429748
362014
347702
82046
82046
82046
395862
265669
82046
362096
82079
33968
362190
362336
348104
362190
430391
362808
33987
82197
362754
82345
82345
363599
82409
397698
34078
34078
363623
82409
82409
34165
82409
398545
398720
350264
82694
433471
34263
399649
365329
365351
82872
82872
365685
400014
351452
82872
34356
34356
365877
82872
269027
435308
82959
366391
34522
366539
83027
366574
83027
34522
366663
83027
83027
83027
352553
83095
83148
83148
83236
353483
436719
83236
367926
34670
83328
83328
437384
437384
83367
437834
437834
83400
403339
34874
83400
368418
368550
368550
83433
403659
368644
83433
83521
83521
403926
403926
368996
438894
83521
83596
83596
404226
83596
369261
404226
369261
272199
404594
404594
83688
83701
83701
83727
83759
369891
272751
370348
35134
83848
370470
356852
83848
405566
405815
83889
35134
406167
83889
83889
35310
441392
83889
35310
35310
83903
273655
371374
371374
406731
35310
84030
371374
84041
84041
84041
442057
442057
371437
35329
371402
84041
84067
358094
84067
406917
84067
84067
274096
371653
84095
371864
442541
274230
84162
407278
407363
35362
371954
442884
407522
35362
372163
84223
84223
84223
442884
372141
35362
372491
372855
84365
84365
84389
443689
372998
35409
84418
443805
84418
372990
84418
443982
35468
84418
84418
373173
408599
373709
84552
84552
359966
444674
409291
84591
275880
84630
84630
84630
374120
445268
35614
374225
445472
84751
410223
276369
84817
410487
374769
35614
276395
35614
276395
374769
84888
85024
85025
85166
85166
376271
376538
376595
277420
376544
376690
362654
85247
412232
35669
376690
376544
35669
85440
85440
413089
277956
448973
85613
378088
35727
378212
450271
364517
378832
35783
85852
414965
85852
379564
279342
85917
85917
85917
35863
85974
35863
35863
379646
380180
86102
452269
280236
380596
453709
86505
86505
86505
86505
381994
86525
453973
86528
36072
86528
86528
454234
382093
382293
86578
36072
36072
383225
86780
383112
86780
419277
383175
368579
86824
36198
86860
419871
383569
86871
455984
419871
383591
86941
87008
87008
36198
36198
87008
384573
87094
420858
384551
87094
384657
87250
421580
36337
36337
36337
36337
421812
87308
458329
458329
421932
87308
458329
421932
371021
87308
422017
385704
371162
385726
36397
458517
36397
87355
371162
87355
87355
87355
87529
87529
386846
386892
87701
387099
87873
460622
387809
424214
87873
388051
372947
87939
87939
388051
460974
388196
460974
388300
87998
424951
88020
461754
88274
88275
36733
88275
426557
36733
88275
36733
426472
88275
36798
36798
390169
390191
287055
36798
88371
36798
390191
88371
463784
88371
88371
88371
88371
36841
88371
36841
375542
287184
390358
88371
88371
390358
427072
88379
88379
88379
463945
390318
88379
36893
36893
427576
427661
36929
428276
88628
88628
88700
288316
88715
88715
88715
88715
36989
88782
37038
392218
429445
37150
377762
37150
88802
88802
377762
392302
88802
392302
88802
288973
467039
467115
378413
289444
393002
467416
88982
430222
88982
88982
88982
88993
37194
393075
393053
89149
393921
89222
394089
394067
37292
89222
394089
89222
37292
469166
37292
432062
89346
37386
394997
469924
89420
395138
395229
89675
89757
396575
37514
434387
89842
89842
89842
37514
89842
37514
434387
471816
471952
382319
89975
89975
89975
89975
89975
472432
472702
37572
90126
90126
398125
383486
473612
37734
90189
37797
474909
90403
90403
474909
399442
399442
90403
90403
90426
437289
399445
90436
399498
475228
384755
90473
90473
37810
437503
90473
475432
438211
294755
90801
401422
401555
90994
386891
37829
402850
91329
403032
478709
37829
91329
403089
91329
91329
91365
37829
91365
387980
479666
388151
91515
91515
91602
388412
91602
388412
91602
91632
404577
91661
442609
388850
404664
442524
389282
91724
91724
91724
38068
91831
444019
298382
91933
482235
298382
38199
298418
405887
38211
91950
38211
38211
92026
406202
406991
92209
407451
92283
92283
38375
92283
92283
92283
299652
407465
392105
38389
92344
407674
484449
484513
484833
38389
92440
484833
92440
92440
38389
408123
408373
300515
92497
392999
92497
408855
92572
408799
409095
409095
409145
92653
447895
38646
38646
409269
409723
487002
92761
92761
92784
487094
409764
410087
301729
487474
92879
410109
448790
92879
302045
449635
38684
395456
93166
93264
93294
411747
93294
93401
93401
93489
412850
396704
303200
93613
413145
93613
413110
451856
93613
38784
38784
491050
413880
452684
93887
38813
304482
94062
453780
94062
94069
415106
94188
454543
94188
94188
305316
94236
415952
94236
415828
305316
94331
94331
38979
94331
38979
494419
94454
416984
94454
94454
94494
94529
39135
456377
306382
495427
456474
94529
495700
94651
94651
457399
457314
39226
39226
418215
94739
94739
418290
418379
94780
94876
39226
39226
418750
419119
39322
94965
94965
94965
419069
458432
402800
419080
39333
39333
403019
458750
419531
95116
39354
95123
39354
95208
95290
420493
95290
499404
95321
499528
95321
500106
421467
500611
461020
500611
309658
95483
95483
421410
39591
461020
95514
95514
421687
95514
421541
39598
421689
405584
501584
501584
39598
95721
462071
422426
422642
422607
422975
39598
95952
95967
423611
95995
423465
39598
95995
95995
310703
406685
95995
39598
502832
423617
96033
463397
310832
96049
423688
96049
423776
310925
503010
96118
423995
463650
39636
424017
96118
463735
464042
311259
96216
424409
424444
39636
464355
504146
39636
96333
424877
96333
96333
425001
96422
96422
96481
408527
39673
96559
425796
96559
96618
96618
312174
96618
426140
96634
39759
96634
426182
96662
96728
466834
39922
96793
427127
466998
39956
427327
96898
96898
427534
96898
467682
467682
96898
427628
427593
40092
428569
468743
468743
97142
428977
314969
97462
315881
97535
97548
97616
430968
431078
512228
431078
414593
97662
97662
431129
472191
431550
97792
40594
97792
431706
97913
97913
97961
97961
415571
317623
317663
97981
513936
40594
432875
473342
98062
40594
317997
416690
416690
433839
474430
98334
416690
40594
40594
98499
434477
98499
98499
434770
434624
434918
434918
98536
98536
434918
434918
98536
98536
98536
98536
98536
98536
98536
40752
98625
98625
418247
319635
98625
516872
98625
435269
435304
98625
98662
40995
98679
98679
517862
435829
436071
436128
98776
41080
98776
98815
419894
477701
98837
477701
98837
98837
98837
477778
98924
41290
98924
98924
436974
41345
99115
99119
41345
437930
421448
479357
520617
99237
41345
99344
41345
438754
99344
99344
438630
479972
438754
41345
99378
99378
480108
480433
480348
99510
99607
41345
99607
481024
481345
440042
440042
522681
41345
99685
522681
523428
523428
99685
99685
440291
423782
440234
523467
524077
41629
41629
99914
424535
99914
99914
441194
441375
441508
441384
99937
100084
483781
483696
442007
100084
441950
100084
41727
100166
100166
525931
484204
41727
526307
100305
526307
100384
526635
443300
100495
41750
41750
100495
443639
443763
100495
100495
41752
326382
100537
100537
100537
41799
41799
485985
100599
444139
41799
527915
100653
444320
100653
444444
528691
486992
327434
100954
487628
41869
100996
41869
101091
429578
101272
41953
489164
41953
101420
489492
447666
430025
101512
41953
41953
490181
41953
101571
101571
42040
490355
448211
101571
490270
329181
101578
329234
448701
431093
101732
101828
42062
492690
102165
102415
102576
102576
42130
102576
102576
452397
102606
102624
331719
536954
434330
331719
102624
494770
102624
102671
434471
331813
102671
537142
102671
332002
102719
42307
453070
102719
537703
102809
102866
435506
453831
453742
496123
102866
453743
333141
103008
454467
42402
42402
454629
42402
42402
42402
42402
42415
454790
103122
103122
103122
103122
454874
333812
455324
540195
436997
333812
103297
455720
540591
103297
42499
456080
540951
438170
456666
334692
103640
103724
42646
42646
543160
103835
457989
543466
458113
42740
103975
501461
104042
501648
104042
544435
336364
42787
459369
336819
104148
502319
502234
104148
459404
42868
104252
459797
459785
441332
104309
460159
460017
104330
104330
545896
460227
460355
503280
460464
546387
104398
460442
503456
546719
42979
104469
42979
104469
43074
43126
104617
104656
104656
104656
339281
43202
462601
104878
104969
104969
43202
104969
463022
462987
463213
43202
506434
105031
105031
463589
43202
105175
105262
43202
550680
105292
445625
105371
550996
507794
105371
550996
105371
551521
508233
105443
105450
105450
446375
105450
551825
43373
552205
43457
43457
552849
43457
105643
552849
105643
341576
509477
43457
466190
43457
105675
553285
553609
105833
510237
43457
105833
105833
342375
467161
43532
467196
510775
467985
106105
467896
43532
106105
511475
106204
106204
106204
555603
468330
106277
43627
468843
343526
43711
556899
450434
106529
106529
470052
43712
106660
470261
43712
106660
106660
43716
451034
106660
106741
43725
43725
106742
106742
470901
471097
106818
471205
43900
559382
471620
559382
107143
472443
345947
43900
107254
453818
43971
107333
517265
107349
44006
517574
473606
44006
107610
44133
474946
107695
563085
474822
107695
519037
107695
519108
44306
563672
44306
519451
563672
519451
564016
564016
44306
519922
475673
475673
44354
44354
107880
44354
476110
520511
107953
476128
457415
521168
565899
457802
565965
457802
477008
521581
108163
44469
349799
521594
458282
108274
44518
44518
44518
477827
477951
350197
522475
108492
108492
108492
44556
478729
108556
44561
108699
524125
459848
568601
108753
480118
44561
44622
524771
524771
44622
108884
569600
109035
480671
480895
480873
461045
480873
481454
570804
44622
109379
571288
571288
109456
109456
109456
571740
572308
527723
109598
483095
109598
483095
44736
109692
353511
573531
109732
44968
109732
528770
573738
483811
109732
483935
483811
109732
573756
109732
44974
44974
109818
484133
109818
464330
44974
574164
484219
109852
109939
44988
484983
110027
110101
110139
110139
110291
110291
531202
45259
45259
110291
110291
110291
486310
45259
356468
110452
45329
487362
110531
45329
533109
110615
110615
45329
467738
110615
533364
488401
110744
45406
534006
579771
110927
111078
111078
111165
111259
581631
490486
111259
111259
111269
111366
45655
536888
471125
45655
359822
359822
582747
491564
111469
111469
582747
491440
111469
111469
491475
111469
111565
111565
537561
111565
492091
492418
492272
111654
45769
111654
583829
111654
45769
45769
45868
112028
112028
540014
494019
494054
493997
586232
586512
112162
112162
540904
495210
587475
46067
112342
541708
112417
46067
46067
112570
542320
46211
112733
497176
112733
112733
589807
497423
497512
590095
477278
364642
112901
113009
498230
113033
113033
365336
545597
591819
113277
113277
499302
113277
46307
113277
499448
113277
113289
113289
545738
46338
365511
478787
499438
113318
113318
499743
113374
46338
500371
365933
113563
593172
46338
500534
113563
113563
546919
113563
546919
113563
113605
479849
501057
547697
366706
366706
501126
366706
547697
46467
113701
113701
501545
113741
46548
46548
501399
113741
113840
367243
367303
501937
501972
367303
46548
46548
548687
113870
502412
502412
502355
502377
46608
367673
549119
595750
502443
46644
482003
114055
502897
596382
114136
114136
114136
503216
503556
503966
46785
504001
504001
114318
114318
114318
483464
46868
114318
504027
114318
483464
597782
46868
550999
551040
114354
504330
504308
114354
598532
114354
47161
504521
114354
114368
504733
504599
47240
504656
370375
114368
114368
114368
114368
114368
47240
114491
505537
552735
114566
505458
552991
114625
47250
114719
600532
114788
506346
47250
506346
47250
486101
506397
114815
553666
114815
600916
506454
114815
600916
486101
600916
114815
600916
114815
554987
47250
115124
47312
507752
602338
47312
508097
487499
115308
115308
372471
115308
487766
508577
115308
508431
556273
115372
115372
115467
115467
488690
509625
47468
115574
604606
115574
509797
557223
115574
604606
509708
47618
115591
557591
115674
47618
115674
557923
115674
47618
558122
374263
47618
489995
510631
47618
47618
510485
510542
490049
374299
510709
115900
490811
375106
559425
116025
47735
47735
47735
47735
116132
116132
512270
116132
47851
47851
512876
608575
116295
376068
512952
47851
47851
116312
116312
116312
116312
608707
116312
116312
512986
47851
116312
513046
116312
116393
561372
116393
116393
116393
116440
116440
116440
116440
48258
116440
513905
116440
610440
116440
48258
610440
494096
48290
514123
514851
48290
378125
611448
116668
116668
48290
515535
563698
116803
116803
378395
564151
116895
564066
117077
613604
613604
496409
613604
517255
117249
614243
517330
496994
48447
117249
117334
117334
117334
117435
117435
48596
518544
498197
518509
117568
518901
518755
518755
518901
117568
567370
117568
117572
615985
518772
48597
519402
567872
616469
117693
48597
616589
519376
519433
117723
519522
48597
117840
520156
520178
520659
118077
118077
618302
118077
500225
520913
618302
118169
570142
570351
521699
118200
118388
118388
118388
571190
118388
522362
48866
48866
522626
383647
571722
118499
48910
572019
118552
118552
118552
572099
48950
118552
572014
523102
118552
621332
48950
48950
118736
572835
502964
118736
48950
48950
572835
523838
523781
621804
118762
524161
48950
118831
118831
48950
503249
118831
118831
118958
48950
524742
49001
573921
524873
118982
118982
524962
118982
118982
118982
385070
504356
119149
574801
119194
525737
525826
119194
385496
49063
574893
119194
504677
525726
119344
119344
526472
385796
119344
505127
49063
526554
505298
625051
527052
526963
49063
119539
119539
505988
119609
576681
119609
119609
119657
49221
527758
528118
119747
119747
119789
49221
528410
119789
119789
49319
577785
119789
119877
528736
627371
119877
49319
578052
507602
49337
628393
120208
530482
531040
120481
49474
580863
630252
120481
580863
120580
531738
120580
531703
581282
630756
581367
581367
510998
120890
49474
533661
49508
583285
632967
533800
533654
49647
121030
533723
121030
49659
49659
583344
121030
121092
583592
583677
49659
121092
633251
583664
49659
584049
49659
121234
584176
584176
121238
121238
633983
121275
534703
634099
49659
121304
121304
634201
634201
584508
634201
121304
534942
49693
121365
121423
49741
535377
535681
121475
535805
49872
535773
535808
636002
121551
49964
50028
536119
393105
636530
121566
121566
586523
121573
586438
121573
50165
50165
50165
121641
637457
50276
121745
537213
637990
537381
637990
50445
50445
537312
121745
121745
121745
50445
537641
537584
121813
121813
516680
121813
121813
588133
50514
537831
121850
638848
121850
50514
395315
121997
588922
121997
122068
538730
538998
589474
50514
122135
538963
589474
517853
122135
122137
639996
539006
122227
589906
50546
122248
122248
539447
50546
122293
122293
518942
540020
540055
122348
641455
641455
519107
122348
50719
539998
122394
50719
122394
641639
641639
122394
519245
122394
519245
122465
540523
50719
50719
540612
50719
591629
50719
122550
397176
122550
591629
122550
591629
50719
50719
122565
642427
50719
122591
50719
642615
541304
50719
642900
541399
643272
122731
50814
643284
122734
122734
643284
50814
541694
541694
50905
643557
122734
541785
122734
541874
122734
643877
542070
122814
542245
122814
122814
122814
122814
122814
50956
50956
122814
521573
122874
51015
521573
51015
644447
122874
398997
122874
542550
51110
594367
51302
595271
51302
123169
51302
543887
123169
123169
400211
523664
123270
524030
51438
123322
51438
123414
401142
647957
51465
596812
51465
123632
123632
123632
597470
123632
123632
123632
525722
123632
546196
51781
546196
402526
123742
123807
650664
123905
123932
123983
403298
527276
599933
651647
548052
403584
124134
548286
124134
124134
124209
51898
652436
124209
51898
404127
652724
652724
548909
51898
51898
124368
549403
51898
124368
124467
549750
51995
602209
602209
529562
124557
51995
405018
602124
405018
654614
550800
124681
124707
550946
124786
603468
551262
124928
125050
125140
52375
553174
125228
657943
553546
52375
125358
125426
125426
125426
553966
125525
125525
408232
554726
125568
554757
125568
554955
408792
125616
52547
52547
555044
660235
125672
660962
660962
125814
660994
125822
125822
125822
125840
125840
125877
52681
556462
125974
125974
125974
125974
125974
556662
556633
125974
556765
52884
410867
52884
126148
557363
126148
537002
557363
663486
52884
557844
52884
557933
52945
126367
126367
126367
126419
126419
126489
559213
126549
126621
53073
126621
126621
126621
539546
613138
613245
560043
126736
539579
412856
126736
126793
53166
413250
540113
126876
126931
126931
540335
126931
126931
53212
614463
413689
127067
127067
127120
614939
614854
669077
53317
615845
53317
615760
541772
127305
127329
127329
562866
127379
127379
53317
127379
562742
127427
127548
415397
670696
127642
563887
127642
564011
53410
564079
563955
563933
563955
671132
127749
127749
564368
564435
671568
127840
127840
564806
543932
671772
543932
416171
544004
53520
565245
127923
127923
127923
544235
544235
565171
53520
128038
544583
619100
128074
565726
53521
565957
128123
565922
565922
565931
53530
53530
128123
128151
128231
619890
545306
673596
673596
566663
566539
128275
673596
417059
417059
128275
128275
566689
417137
128275
545399
566757
128292
128292
128292
566668
128292
673742
128350
566992
128350
128350
566868
128382
128382
53606
620731
53606
417501
620646
128382
620825
567214
53738
128382
621579
568434
128656
128656
128656
418772
547547
419152
547937
128798
128893
53923
53923
623409
623324
623324
128942
53935
128942
419608
677521
548579
677521
569750
128963
128963
128963
677605
548885
623903
129051
129054
570155
54030
678212
129067
679133
571294
571418
54097
571329
625388
625473
129322
571294
129432
129432
129432
54174
571846
626067
680304
572083
129469
680304
680304
626727
572417
129729
627234
573009
573066
573066
551756
129753
573164
129753
552047
552047
628131
628131
422621
628131
129877
573768
129877
54316
422621
129877
54316
130034
574438
130034
683116
130034
130034
130034
54358
628758
130034
130034
130034
683368
54358
54358
574721
130119
130119
54358
54358
54358
423391
130210
54358
423714
54472
554111
130300
130371
576301
685242
130579
685911
130579
54563
130583
54563
576975
130617
130617
130617
130617
130617
130617
54579
424890
686297
577254
130617
130617
130617
130617
130617
577257
54753
577346
130640
632292
130720
687045
54753
54753
578178
130871
687814
130871
578266
130871
578323
633277
130890
578348
130890
578405
688169
130890
557279
130946
130946
633492
54901
578690
130946
130946
557630
688936
634059
579331
579331
634375
131185
54962
131185
689708
131229
131281
690324
635419
427613
580993
580905
559952
131562
636394
636394
636479
581401
55213
581370
131562
692097
428834
131638
131638
131638
429319
55288
429449
131833
693102
582507
582529
582529
582564
55288
55288
131833
582653
693102
131833
637930
693218
131862
131862
429507
693218
561356
638015
55288
582963
693558
131947
131947
583016
131947
693717
429836
429836
693717
131947
132034
132111
132276
55373
639756
639784
55387
696263
132615
696867
132700
641740
697139
132759
564380
431702
642417
586936
132907
132951
133022
642877
698191
55399
698755
133163
133163
133163
55500
55500
588579
588725
133298
588725
133298
133464
589300
133464
55596
133464
133464
433635
700550
701135
55691
133539
589791
701135
590006
55710
133588
55710
645914
133647
645999
133761
55710
590641
646455
590698
133761
646455
133761
55710
590787
55710
133761
133761
133828
702348
702348
591153
133873
133873
55752
55752
55752
55752
133939
55849
647360
133939
133939
591549
703901
134112
134112
55911
592663
55911
55911
648877
592884
134266
134266
593395
593484
705371
649460
649604
134469
134469
571145
55911
134502
649911
594034
649950
134534
134534
705904
706132
706132
706132
134628
134628
594589
594500
134628
134628
594465
134628
56044
650790
56044
594873
572135
56044
134715
56140
594944
651131
56140
438103
134879
595567
134968
573446
134968
573446
708570
597002
596970
596970
574748
439612
709897
135149
56465
56465
135293
135293
56539
135293
135293
710794
710870
654383
440478
440751
576050
135312
654762
135418
135418
598496
135418
598743
135462
56986
598867
135488
599451
599643
135670
578078
57078
599745
713920
135695
578288
135716
57111
578501
600088
714307
600088
135799
135799
714435
714435
600340
57111
135799
600576
600576
57111
600690
657905
714931
658095
135954
135954
443703
658306
135990
580112
57446
135990
135990
135990
601374
135990
601339
716276
135990
580286
601491
716576
716876
602154
659614
57498
136240
136240
659862
602367
136253
717796
581507
717856
136349
602863
602863
136359
602987
136359
136359
603145
660757
603110
57565
136409
718237
660672
57565
445432
581828
57565
718357
136439
57565
136439
603208
603354
57565
581918
57565
136439
136439
660877
603265
57565
445492
660896
603458
718575
57603
136465
603522
661229
57627
136508
136508
136508
57627
136511
604374
604482
604447
136690
662222
720000
57778
583310
720000
583532
446855
136725
136725
662777
136725
604787
57943
720635
136725
136727
136727
663031
604939
136766
721018
663030
605169
447457
136787
663030
136860
136860
137031
606298
137074
606333
137074
137074
58093
606422
58093
448346
722481
606442
58093
137090
137090
664512
664597
137105
58093
137173
723209
137256
137256
137256
58093
137378
448954
723697
723813
137407
723813
449012
58093
607821
607764
58093
137517
449232
137608
666623
58100
587030
137608
137608
609328
450474
588584
137982
610119
588995
137983
58380
137993
668723
727450
138101
58380
58380
611140
138204
58380
58380
138204
669585
138204
138204
611238
611330
138204
58481
670384
670384
590486
58481
729237
612313
729237
612256
591011
612703
730067
138633
671609
138637
138637
612978
58543
58543
612978
671540
138637
58543
612978
138637
671540
613000
138637
672455
58786
58786
613770
138801
138801
614004
673357
673527
593555
58998
614802
138965
139000
615262
455073
615227
139080
674222
139134
674523
615443
139149
139247
734040
734145
139249
139249
595031
59081
59081
616546
734705
139389
676008
139485
456132
735089
139485
735116
735272
139524
59090
735516
595931
735690
676542
596105
59197
59197
139585
456704
59197
617864
139900
737337
139961
597620
59277
139988
139988
59277
140043
737909
140043
140043
140043
140043
619336
619482
59277
140043
140091
679119
619737
619861
140132
140132
140132
738334
619715
59300
140132
140132
619772
140132
140132
458083
140149
59300
679187
140215
458321
140251
140251
620413
739308
140293
140293
620671
620794
140346
620737
140346
620737
59468
621431
621342
59482
59482
621307
140479
140479
140494
140494
459353
600098
140582
621843
140582
740680
459619
681463
140627
59543
681544
140627
140627
622017
600482
681544
621960
140700
681921
681921
59573
140700
681852
140700
681964
460254
682681
601283
623004
742169
623150
623630
742649
59573
743033
460842
460842
460842
141102
141102
623868
683460
623868
141102
59573
141102
683772
141180
460998
624180
141180
683772
59639
59639
602672
141283
141283
624728
141283
141369
141369
603200
744646
141446
626041
59724
141703
141703
686166
141778
462647
746454
59724
462787
686831
627149
59724
59802
687439
141961
687439
142013
59802
59802
628348
748007
142152
606464
606464
748687
606464
629012
142254
142254
628866
59963
606557
59963
142316
142316
142370
689312
629740
629740
607478
142499
142499
142499
750253
142568
750253
630206
750253
60025
630241
607685
750253
630206
142568
630572
142736
631306
142833
60065
465786
142846
691505
142846
631475
142846
142846
608885
631440
142846
751731
751731
466052
691584
691669
142846
142846
60147
142890
142890
692380
143045
466592
143215
753447
143356
753903
143356
60213
693841
143356
467270
143356
143356
633670
467270
143356
143438
60239
467512
694221
610937
754751
60327
143562
143710
60327
468364
468364
143732
756027
143785
468470
143801
143801
635508
143801
756361
696029
60430
143801
143801
143801
756511
612884
635616
60598
636502
60645
697404
636748
470082
144042
636805
60693
758153
636748
144042
60697
470326
144219
637931
144329
470695
144329
60706
144373
60732
60783
638829
144495
638683
60816
144552
144752
144752
144752
639768
144752
144752
700546
144752
144786
144786
761498
640062
144786
60885
60885
761725
60885
640082
701172
144874
144874
144874
762057
762153
701353
472370
144898
701268
640510
144898
144995
144995
144995
145094
763105
145122
641338
641338
472986
702276
618095
641389
145196
763732
641866
61014
145253
61014
145253
764491
145328
642911
765484
474607
145445
61280
643472
61280
61316
644095
644117
145800
644612
644728
767483
145860
145860
706985
645372
706985
145994
476434
145994
646088
646088
61509
146338
708276
477122
477122
769785
146338
146338
709157
770581
770812
647947
146786
146786
771910
61620
146854
146854
649216
772623
146854
146897
772795
146984
711461
146984
146992
146992
146992
146992
61767
626480
650180
626492
147095
61876
627569
775170
651691
147482
651691
651885
775510
147505
714054
147567
147599
147599
147599
147599
147599
147599
480937
147684
628778
714522
61940
776522
147699
776798
629099
776798
147699
652822
147699
147699
652822
62082
147744
652967
147744
147744
481653
62082
481653
653091
653173
62082
147801
147801
715622
62082
62082
481941
777860
147961
778242
147961
148001
62356
654269
654332
716735
716742
483049
62356
654513
148031
779098
148031
716827
62356
148259
148259
655415
717897
62435
655504
780247
655380
62435
62435
148259
148385
718316
62438
148385
718538
781360
148535
656522
62508
148535
656681
656535
484513
148623
633299
720318
62508
148849
657884
658269
658618
149030
658834
721435
149084
634820
485939
149266
486188
635654
635654
659824
659859
785091
785091
486536
660003
785347
660115
149384
660276
62635
62635
723048
62635
486760
486760
62635
62635
149468
62635
660703
660646
149531
149531
486886
660928
149565
62635
486978
661158
661180
149665
149665
149876
62713
149964
487986
150092
663025
663166
638531
663262
150136
788877
488618
663386
150136
488618
788977
150161
150246
150246
663922
663833
489126
62905
663922
664358
150355
664269
727221
62979
640106
790498
150392
664609
664609
489946
664737
790997
664816
150462
727916
728368
665414
63086
791464
150575
640889
665295
63096
665457
641354
63096
150720
665885
150720
490647
150720
63096
792074
728978
150720
150720
729063
665863
666213
666724
150921
63096
63096
792878
667092
491301
151047
793622
151107
793622
63096
151107
151107
151107
151191
667820
667944
151191
730964
491742
667838
731089
63147
668635
794891
151386
63147
643505
794891
63147
794891
151386
63147
669305
63226
151583
644333
63226
63226
669631
151593
63226
151627
669723
151709
151734
63282
151734
670127
151734
670455
151785
734018
63292
493657
671147
734852
63457
646301
671692
152087
671692
798625
63457
152087
798907
494746
671932
671786
152087
152087
152087
152087
494782
152087
152087
799445
63677
152127
647384
152127
152137
63699
672482
799899
799899
736448
800147
672752
672965
736812
152286
672912
152286
800693
673058
63881
152366
63881
152366
63935
63935
63935
673636
152590
738204
738320
738320
497154
63969
152664
738500
63969
738540
152699
802609
63969
152699
674709
650183
497406
675090
63969
152803
63969
739293
152948
498107
740223
153070
676426
153070
153070
153070
153130
805137
153130
64309
741353
153186
805769
677322
805937
741925
499860
153507
499860
64462
64462
743231
807608
807608
654029
743146
654701
64594
153711
654821
501123
744023
153760
153760
808728
153832
153832
809016
680135
64594
680170
64594
809640
153988
153988
655901
681247
745766
502327
811135
682132
154447
747543
154447
154447
154459
64882
747506
154459
154459
812388
154459
747591
747506
747506
657929
747831
747746
503603
748294
64882
154656
154656
154656
748470
813816
813816
154789
154789
154789
659027
154789
748898
684076
684255
65011
814239
659414
65011
65011
659495
154852
154852
154895
684782
155066
65011
155130
686150
816619
751533
686254
686289
155287
65197
155359
65272
155464
155494
155494
155494
155494
155494
752594
155514
65356
155514
155514
662690
155537
818227
155537
662795
155537
687483
753587
688203
688079
155686
155686
688249
65478
819496
155789
155789
155789
155789
155789
754044
65491
155891
664052
819943
65491
688999
508174
508174
688964
820081
820357
155960
664670
156230
65632
156230
690467
690613
65632
822270
156387
822498
156424
509918
156424
156424
757204
757204
156424
156448
65813
156795
65851
693424
693424
693335
693300
65851
65851
156885
65851
65851
65882
825173
693393
825173
693716
694337
826181
694426
65941
157214
157214
157214
157214
694684
65941
157214
694830
65941
157214
694830
760729
157214
157214
66037
66037
826873
157245
157245
157245
157247
669773
157252
157252
761768
66222
828232
762095
157509
828608
157509
762386
696167
762584
696266
828905
66321
157552
157552
696438
157552
157552
513986
763212
66367
66367
829579
763297
763297
763447
157654
697193
157736
157736
157736
697251
830110
157736
157736
763775
157773
157773
514725
514725
763923
764405
831074
697968
157890
673586
66572
699089
158137
765923
832587
66671
699600
158255
699578
158255
158255
700784
700930
158547
767741
158547
158547
158547
700878
66781
66781
701694
701570
517735
768370
158720
66792
701878
835441
158750
701789
158870
836245
158951
518356
677294
158951
66845
702909
66845
66845
703154
703065
159069
836717
836717
66845
518592
159069
703008
159069
769872
66845
677918
159159
703390
66845
703468
159159
159168
703700
703576
703740
519360
703616
703594
703740
678515
703616
67035
67035
703928
519516
678995
704234
67035
519860
838683
67035
838683
519860
519860
704704
159493
772545
705340
520442
773149
705979
705944
773149
67123
159728
67123
67123
773149
67123
840691
774084
706968
159983
681590
67294
707196
521845
159983
774563
159983
841798
159983
160000
707242
774701
67355
522164
522164
160167
160167
160201
160221
708334
708210
160237
160237
843309
160237
160345
708752
160365
67485
683456
708832
776728
523300
844213
844315
67520
844318
160463
709405
776798
67520
777123
844634
160542
160626
709968
67520
710027
160641
160739
160739
160838
710821
846004
524341
67582
160910
778953
160910
685862
160991
711534
846874
846874
160991
712513
848038
712637
686828
161210
686828
161210
161221
712557
67764
712951
161325
713097
713097
161325
161336
780938
161376
67764
780938
161376
713212
687326
161376
687326
848702
67764
161555
781654
161600
161600
161600
714191
161606
849886
67913
850069
161606
526870
850069
526870
67913
714862
161760
850685
67913
851017
715421
689336
161942
715590
783740
68019
68019
162000
162000
68019
716190
716247
162071
68019
852998
162231
162231
852998
528789
717593
786447
162586
691832
68056
854418
162586
854897
162684
786897
162684
162684
854897
162684
786812
162684
162684
68085
719210
162781
68142
719153
719619
856292
720044
68167
162992
68167
720022
163152
163152
721176
721229
68220
163293
163314
68278
721499
721838
68278
163404
163404
721927
163459
163459
163459
858576
722451
695345
858880
695624
68278
859340
722911
791062
163738
163738
163738
723644
533148
533148
723752
724143
697232
724086
724232
861409
724258
724404
68695
163919
793531
68736
862341
164017
164101
794022
164101
863206
725621
794670
795001
726060
795751
535707
164463
164463
726750
700157
726715
726750
700157
535813
535813
864854
164519
727226
164567
164567
865617
727548
700958
728039
728306
164819
164877
164877
164877
164877
797714
164911
728870
164911
702590
798220
537710
164920
798220
798352
867669
164953
164989
798689
798604
164989
799081
165108
799165
165142
165142
165142
868587
165142
165142
165142
165250
165394
165394
539056
730996
165419
69433
69433
165419
165419
731108
69433
165447
69433
731108
870429
539330
165556
705680
165762
706013
69607
802253
732688
165842
69607
802488
165842
165842
165842
165842
733207
802933
733207
165984
166053
166053
166053
803847
166195
69822
734511
734511
166195
804893
166354
166354
805176
166354
166359
166386
166386
70033
166441
735710
166441
70074
735725
166441
735956
736171
876795
166603
736480
876795
166603
806636
806721
736480
70159
806721
166603
70160
166667
166667
166667
543733
166667
543797
166699
736843
877182
166699
166699
166699
166699
166789
166789
70250
737315
166789
166789
737627
878124
70250
166867
166867
878235
166867
70287
166940
808325
166940
166940
878723
166989
70302
166989
738202
878768
738291
711887
711887
738181
70338
70338
808698
167029
70338
738979
167183
739159
545327
739556
167283
810011
880466
167283
167283
167283
739495
167405
167405
167488
740461
167502
167502
740428
810981
881387
740443
810981
740601
167565
167643
741143
740997
167643
811604
70563
714626
167677
882303
741180
70563
167677
882303
167677
714626
167746
741553
741566
741588
741566
70695
167746
741588
167746
167746
167746
167746
167746
547496
167746
741566
812364
167746
715355
883101
167746
741667
883430
167902
167902
813235
813235
70818
813235
70818
167902
167902
742335
167902
883968
70818
167957
716399
742903
168013
168019
168232
168232
744301
168432
886317
717974
168483
70873
168534
549606
744953
886661
745212
886977
745318
816188
70881
816649
745810
745686
70881
70881
746024
168776
168776
168874
817910
168958
168983
168983
71218
890048
890297
71301
747822
71301
747874
169166
819564
748806
169387
169387
748758
169458
749378
169542
552906
169542
891977
749413
169542
749356
169542
749632
821304
821389
169699
71301
750130
750099
71423
893260
169724
71592
169724
169724
750585
822106
169726
169726
169726
169726
894022
894314
822998
71648
169949
823083
71648
71648
169949
751353
894786
823223
169984
71648
170185
752275
823942
752424
71740
752367
170185
895866
170185
170185
170185
824318
555797
170185
896154
170185
170185
170295
72051
753542
825697
825697
170401
825697
825785
727328
72051
556960
72051
897835
556960
170444
170444
727391
898075
753976
170504
754428
170586
728084
170586
170586
72237
72324
899282
899282
170601
72324
755012
899622
170711
827398
755201
899722
827483
827398
755201
170717
827507
558325
899746
72324
827507
755079
72415
558598
170717
755170
827844
755499
170777
170777
558919
72490
559257
756113
72490
171141
757161
757161
72564
757072
72564
829683
829683
757015
902162
72564
171141
171168
731102
829791
829799
171168
902486
902486
560163
171224
171224
560275
171272
171272
903016
72674
830427
757795
171290
903088
171290
903160
72698
72698
758006
72698
171341
758488
831552
72920
758888
758888
72920
171506
758888
733184
759180
72920
72920
832344
73061
171586
759292
171665
171665
832803
171723
171785
906376
760137
171785
171785
760345
73193
73193
833912
907105
735200
563660
761461
735728
73193
834701
73193
172156
835168
736142
762259
73244
172443
762960
172443
172443
73244
762903
172443
73244
909410
836166
172443
909410
73244
564537
736967
172443
172443
172443
737033
762925
737033
836295
737033
73266
73266
73266
763779
910452
910452
764478
565722
765170
838659
73416
173026
73506
912596
765658
765747
566631
766099
566981
913404
173218
73542
766445
173218
913665
914029
173309
173309
173363
767139
767228
173363
173459
173459
173518
73743
73743
742367
173821
916689
173860
173999
73845
770272
174197
174197
770709
770746
73958
771407
73958
73958
174429
73958
772259
745574
174598
73958
772294
920172
772411
772535
772535
73958
73995
746765
175021
175021
922107
175054
747053
73995
774182
774125
774281
175093
774427
175093
922344
848537
175182
175182
775058
175271
175271
175271
74128
175271
175290
175290
573115
849567
175470
175501
74204
74204
175700
851199
74204
749618
74204
776913
175700
74230
777063
851251
175700
851166
175700
851204
925453
574066
74249
175700
175700
175700
777940
74350
750926
175990
74350
176038
853254
176162
176162
74433
176162
176162
176162
176184
751937
176260
752333
74549
779585
176271
74592
176271
176271
74592
176271
929114
176358
780057
176358
176358
176358
780048
780211
929934
753431
176503
780628
176503
753431
855446
930198
930198
930780
74838
931060
856222
176660
176746
754955
74937
856842
578339
755072
176746
74976
176746
74976
176749
578633
176749
176749
75072
932530
176852
75072
782367
782513
857543
176852
858797
783585
177237
75165
177371
75165
75165
75165
580594
75165
177590
177590
75165
785894
785894
785770
177740
75165
786486
758960
936813
861870
177871
177871
937368
177871
937368
862042
786719
177899
177909
937946
75368
937946
177984
862806
178067
178067
178067
75368
862995
760211
178141
863206
863479
178188
788007
178188
178216
178311
178311
788499
178311
178311
582645
178311
178311
939254
178327
582677
75368
939602
582819
864234
178398
75368
178398
788904
75368
178398
788904
75368
178398
789081
178398
788935
178398
583163
789451
865142
789569
762464
75602
865964
790576
178752
763421
75753
790794
178815
75753
178908
791418
791418
178978
791574
179070
943804
179141
944056
179288
179355
179355
179433
179433
945550
945550
75904
179534
179534
179537
793939
586705
179537
793961
794024
766430
179604
766430
946034
946034
179604
946034
794207
794405
794259
766586
794412
179628
179628
179628
179644
179644
794625
76105
871024
795046
179812
179812
947517
179812
179996
179996
180209
76422
950232
797426
873810
180280
797585
873890
797494
797516
180284
797516
180284
797540
180290
180370
875129
180507
590598
798646
771296
180551
951847
798816
180551
798768
180551
180551
952141
798768
875549
798914
798790
798914
952433
875841
952577
180624
180624
180624
180624
952862
180624
180624
180764
180764
799909
799763
953422
799820
180764
953422
800119
180853
800393
800393
800304
877086
953975
180885
800364
76915
180979
180979
180979
801098
76946
878230
878230
76946
592973
955176
801411
76946
955176
181108
878315
774068
955176
76946
181108
955176
76946
592973
592973
774068
181108
76946
181108
181226
878899
878814
181254
955919
181313
774842
956155
802284
802284
181313
802284
956155
181313
879241
181390
76999
956463
879524
181405
802563
181405
775406
802796
956883
181414
775469
181414
181414
181414
181542
181542
181568
803304
957755
181572
77187
880765
181600
181600
957867
181674
803770
181674
77274
881487
77274
181737
804133
958748
959246
595788
882224
959727
777824
181903
181903
778118
882520
182097
960797
805922
182097
182097
77563
779027
182163
806442
77563
77593
779429
182248
779444
77593
182253
77593
77593
182253
806514
182411
182411
77593
807330
182457
885093
807393
182457
807371
77656
182469
885094
182469
807441
77656
182469
77656
182469
182469
885195
807741
963176
77742
807819
885519
807730
182511
885548
963347
807876
182511
598338
963347
182511
77799
807787
182511
963353
885856
963817
886016
182707
598985
182707
808621
886502
808621
808745
182707
964734
182707
78000
808715
808737
809117
599523
78000
887390
965627
887633
78079
782930
182964
888067
810255
810109
966348
810255
810131
966348
810109
783320
600305
600305
810109
783320
810109
183028
966460
183056
810388
183056
968110
889879
78316
811481
183381
183381
601629
183381
78316
968930
183457
969234
183477
183477
786125
891198
813045
78546
602907
813351
183724
813774
787007
813717
970828
183821
603289
603289
78590
78683
184040
184040
78714
184122
788414
78714
893929
184122
184153
788687
788981
184251
973604
184344
184441
816749
184471
78832
895742
895827
78832
184543
605503
184544
816963
184544
78878
816941
816963
184544
817077
817042
78957
78957
184544
817166
790409
78957
896489
790817
184707
791513
818422
818422
818511
791825
976795
818506
79135
79135
976803
184873
79135
79135
792149
184946
818863
184946
79157
607516
79157
898797
185123
819593
819682
79181
185195
820046
608076
185307
185307
899581
820442
79181
899845
979053
185401
185452
185496
185496
79181
900337
794192
821194
185496
185496
900646
821383
821418
185552
821383
821548
822347
185835
902031
185835
185835
185923
185923
823493
186064
186064
796148
186064
610273
823867
982952
79350
983472
186379
79350
79350
824836
186411
186418
904531
904531
797375
797399
186455
825083
825105
610957
186514
905039
186562
186641
186641
186641
905270
825851
825908
79400
186692
905474
827201
186916
827168
906775
986250
186997
186997
907014
986574
186997
827492
986574
186997
79625
987121
79625
187085
187100
987181
987181
800123
907756
79625
79639
987919
908232
187238
908517
187288
829357
187386
801410
187388
801410
829315
909114
79780
801725
187545
909704
989831
989875
614626
79815
187634
187634
79815
187692
187731
187731
614826
187803
79815
187803
187881
187881
911145
187881
79879
187881
187881
187881
831491
831367
991232
187881
911548
831828
831713
80068
188018
188018
188191
188191
188191
993180
188191
833014
188225
832957
832979
80170
80170
80170
805091
80266
833449
188324
80266
80266
188324
833471
833770
833859
833770
994316
80266
833787
188403
80266
914135
188403
188403
80266
188403
994316
617603
833982
188443
833947
188443
188524
914534
80266
834407
834583
834561
914931
834583
914846
915315
188652
80410
188652
834981
915619
915619
188664
188664
188664
835086
188664
80486
807356
188664
618705
915619
188731
80486
188731
915887
915887
80486
188731
188731
80486
80486
835934
996868
80486
188917
80486
80486
836098
188917
188917
80565
188996
188996
917020
188996
188996
808727
189072
80611
917837
189250
918292
998903
189362
80611
80611
918832
80611
80725
80725
80725
189600
189600
189600
189600
1000595
189600
621408
189786
189786
189874
811817
921013
1001691
921018
80808
840337
840927
921839
190058
622797
922243
80876
841695
190190
841695
81048
623495
190216
842024
190216
842024
190306
842238
190306
190378
81127
1005039
81127
190438
81127
842998
814775
1005271
190496
924144
1005271
190533
624594
190533
190533
843762
925231
625107
815762
1006430
925146
925384
190719
81301
1006685
190719
190719
844210
190719
844064
844064
190719
81313
81313
816200
81313
1008039
191014
845463
926958
845630
191047
626565
81498
845711
191175
1009100
846457
191338
846786
191338
846910
846934
846926
846904
191440
847343
81550
847343
191440
627572
847374
847520
847520
1011133
929464
847798
191555
848282
849124
849248
820871
849230
191896
191896
191944
849558
849501
192020
192020
192020
1013857
81957
849924
192020
849966
192123
81957
192123
192123
850482
192194
932681
192194
1014838
850737
850737
192303
82052
192333
192333
82052
82052
192333
192333
192333
192333
852501
1016602
192635
192714
853248
935347
192813
192813
631701
853213
853635
82094
935602
192877
192922
82094
935782
82094
82094
853880
193029
854342
854253
193029
936493
936542
1018814
854573
193168
826448
193168
193168
633293
1019952
193330
193330
193330
938119
193330
1020513
855782
193332
193426
193551
856949
856971
1022120
857089
939759
193659
1022267
82575
939777
940517
193844
858096
857972
940713
82575
82575
193893
940628
82575
193925
829406
193925
193925
193925
82666
82666
193926
193926
193926
193926
858389
941092
82838
858826
194173
194173
82861
859748
859894
194250
942713
943233
860997
861054
194571
82861
194571
1026773
861178
1026923
194607
82863
637722
944060
861324
861200
194607
861300
194607
82985
83005
944525
194607
194607
638292
861514
832886
638292
194694
944905
194694
638514
194694
861878
83069
944820
944820
194694
194731
194731
194731
194750
194750
861960
1028125
194804
194804
833801
1028779
194804
862322
1028875
862656
945748
194878
194934
194934
834458
946227
195141
195142
195142
83250
863749
639975
863806
195153
195331
195331
1031947
195461
195461
865152
195461
83399
195754
866588
195754
195754
866489
83564
950567
866921
867121
1034246
83564
195912
83564
1034246
867156
950682
195912
195987
195987
195987
867554
642612
195987
196019
1034701
196019
196019
867593
951213
196171
196171
868798
196389
1036181
83573
643416
196389
196389
869016
869162
869134
196531
196531
643994
196595
840704
83671
953895
644395
196595
196595
870086
840977
196595
870175
870051
196595
196657
954175
954267
644673
196781
870819
954654
841679
196783
870973
196783
645194
954844
196783
196783
83903
1038747
955400
196922
196922
84027
871602
871775
84027
196953
871872
871872
871726
871783
197144
197144
646336
872652
197144
197209
84043
956828
843662
956913
1040871
872823
84043
872862
956924
84043
197341
873316
873612
958001
1041959
197481
84043
1041959
647010
197521
1042939
845213
1043271
1044435
876352
876476
876487
84043
876743
84043
84126
84126
847406
961654
877694
198467
1046221
877926
878253
962364
198540
962576
84149
878465
1046733
198595
198595
198595
198595
198595
198736
1047667
1047751
198830
198830
879671
1048552
879669
198873
198912
198912
880270
199059
1049861
199059
880718
880718
199059
199059
881256
881132
965800
881499
652374
84671
199260
652452
199260
84745
199260
199260
652674
199260
966436
881694
199260
882230
199363
199364
882488
967321
852530
883034
1052429
1052429
199631
199730
199730
883598
84761
968441
84761
883576
968356
883732
883697
883732
84860
1053600
199732
199767
199838
654361
1054024
199838
884783
884783
200058
855545
970638
970638
200249
200249
1056250
886257
971374
886484
856265
886813
200461
886849
886884
1057202
200611
887413
887885
200698
972818
887739
1057878
972818
656495
200698
85060
972911
200709
200709
1057934
200709
1058338
888213
857729
888381
857729
888438
888438
200865
200865
85090
201004
85090
85090
889139
201004
201004
201004
889056
657446
201067
1059567
1059567
974512
1059643
657484
889384
889384
889362
889706
85131
201172
85131
201215
859058
201215
201268
201268
890185
201268
658139
975774
1061002
85228
201396
85270
890935
859940
658597
201434
976182
201434
860018
201434
201434
201434
890915
201434
976182
201434
658909
201588
85276
658923
1062197
85313
85313
891698
891574
201768
1062917
201768
201768
1062917
977689
892281
201768
201768
1063175
977904
892479
201768
892422
892568
85463
1063367
201789
861920
978245
1063709
892614
1063709
201789
201789
201789
862151
660298
85549
978553
201866
201866
85549
201866
893046
201866
201866
978553
201866
862178
201875
201898
85549
201974
893389
862475
979276
979361
893730
85549
202068
893730
85549
202068
979795
202147
894105
894083
202147
894114
1065345
1065345
202147
894180
85617
202194
85696
980074
1065770
202194
894505
863576
894505
202194
202194
202194
202235
85696
202278
202278
1066106
894695
864014
85758
895415
1066804
864398
202406
202406
202477
895883
202554
202554
662423
896105
1067844
896843
1068232
896719
662719
202763
85758
85758
85758
202843
85758
897547
202971
897551
1069176
85758
202999
85758
202999
897863
203049
203131
898169
983946
203131
984655
203196
867530
203200
203247
1071017
86041
985260
899346
203390
664866
985636
899633
203412
868445
203412
86101
203631
203660
869279
900804
665846
987316
203787
987401
901188
665886
987880
203928
902028
666244
902028
902083
902172
204002
204002
204002
86131
988261
86131
204095
204192
204192
870902
871301
1075626
903473
666989
204325
903761
1076519
990220
990457
86299
904076
872582
86299
86299
86299
668002
904615
904617
86358
204593
204593
668179
904617
904674
904617
86358
204693
905206
204811
905546
1078224
204811
905489
86358
991866
1078292
204828
86358
905579
86358
204968
204968
873884
668929
906186
874025
669070
992894
204968
906374
205053
906657
906929
205200
205200
907245
993822
1080504
907369
670238
86619
205304
205345
205399
875960
995069
86712
205516
86768
1082274
205563
205630
909175
205630
671483
86768
205646
205646
86768
996111
996026
86768
86818
671665
996878
205815
910348
878219
205915
997363
205915
205915
672451
910693
910746
205982
910768
205982
910800
206015
206015
206015
672904
910989
86985
206015
998021
998021
997936
86985
998417
1085317
206114
206114
206114
86985
1085317
86993
206201
206201
911741
998696
1086157
206318
999453
206358
87015
87015
87015
880025
1086383
673680
206358
206358
206358
912334
206409
912706
87015
912763
206451
880487
999862
674049
912767
206549
206568
1087793
1087793
914246
87165
914157
1001284
881687
206762
206762
674938
206822
1090041
207119
207119
207119
915779
915868
207130
207130
1003526
207175
207254
1003854
207286
1004230
1091696
207348
916767
207348
1004230
677039
1004367
87466
87466
1091748
916854
207361
207361
677039
1004367
677099
207457
207516
917479
1092571
1092942
87536
87536
207796
1094014
207875
918945
207927
207927
920107
679431
679431
1095868
208174
208203
1096096
87790
1009391
921919
208518
208571
208571
208571
1097820
87814
208740
208740
208740
1010494
1098308
922807
87814
1010494
922718
208740
680841
208740
208740
87814
87814
208825
923001
1010919
1098816
681095
208867
208867
889949
208921
1011689
890414
681632
209068
1099755
209068
924018
209074
209158
681812
209158
209158
924435
87859
1012341
209224
209224
1012605
209224
924664
1012520
1100379
209297
682246
87859
87859
209375
87859
209375
209375
925536
925571
87859
209503
925780
1101495
87942
209547
1013978
209629
926491
1014306
683003
209629
209629
209709
209816
87984
927135
927157
1103853
1015892
927753
927696
88177
927842
927842
88177
1015892
894506
210023
210023
88365
1105521
88365
685274
88365
1017300
88481
210130
929785
1107346
88632
930415
210474
1107710
930853
1019447
88636
210604
88640
88640
1019882
210674
210674
1108898
1108967
898373
687560
210906
210938
932405
211015
211015
1110693
211015
211015
211015
88909
211015
1110693
211015
88909
211015
211015
211015
1022071
89058
89058
1022090
1111148
89058
1111148
211017
1022175
89058
211017
933361
933470
211109
211109
89213
933593
1111981
89213
933702
689786
1112001
211135
211135
933861
89288
211143
934637
211329
211329
1113178
934729
934640
934729
690487
1113570
1113746
935208
211545
935355
211545
902987
89446
211652
936459
1115224
936640
936605
211803
89484
211903
211903
211903
1115970
212058
937625
89484
212150
692992
1117549
212285
212334
938781
212397
939174
212410
89567
212410
693440
89567
212410
212410
939240
212410
89567
89567
89567
212450
693778
1029185
939450
212472
1118753
939574
212472
906617
89673
939838
1119181
212564
212564
906617
89743
212656
89743
212749
212749
1120131
212749
907382
907403
1120152
1120359
1030625
212749
212749
940702
1120359
940848
212749
89819
940724
908087
212933
941460
212933
695536
941548
212936
1031569
941570
212936
212936
89917
908465
941605
212936
212936
1031569
941570
1121401
941694
213026
213026
89917
89917
908735
942465
695972
1032344
89917
942724
942578
213364
943424
943441
213384
213384
213384
1123496
90018
1123496
213452
1033974
1034423
213543
90130
944759
90194
1125020
213633
1125020
944670
90194
1034826
213633
213669
90194
213669
1035054
213669
213669
1035054
213743
945329
945329
90236
213816
213816
1125946
213833
912113
1126614
214000
90236
214180
214180
214228
90236
913298
1127526
214470
214480
214531
214578
1129043
1038768
214578
214660
1039416
214740
700224
949575
949575
214839
214913
700678
214913
700678
1130491
90311
1130747
90402
950559
1131236
1040834
1041135
701295
215085
90402
90415
950991
951303
215236
90415
215236
951392
90415
215236
951462
701794
215285
951484
917066
701794
1041916
951659
1042141
90435
215320
1132491
917171
215320
215401
917981
215468
702526
702638
215524
215524
90602
952607
1133816
702996
90675
215526
215618
90718
215741
953626
215741
953591
919505
215741
919505
215766
90809
215766
90862
215896
954333
1045299
215896
215896
954568
954804
216168
921506
91032
91032
91032
91032
1137674
216168
955739
216168
705675
216168
91140
705675
1137998
705675
1137998
91140
216168
955881
216292
91140
91140
956601
956901
922715
216463
922715
1048092
216463
1139259
216463
216463
216545
216545
216545
1139587
216545
216545
957380
1139587
706640
216630
923354
216649
216649
957672
1140003
91167
958011
91167
1140307
1049238
216813
924359
924359
91216
91334
217044
959419
217044
217044
708197
1142460
1142460
925322
1142760
217267
960399
1143887
1143887
217455
961190
961190
1052578
217501
961374
1144188
1144188
91426
217501
217501
1144590
91563
217641
709890
1145159
927518
1145159
91623
927890
91679
217705
217705
91679
217705
962443
962532
217705
217705
1145763
91679
217804
217804
217804
1054699
91746
1054783
91746
91746
928649
1146484
217879
217879
217909
217909
710993
91746
217975
1055298
91746
91746
963555
217975
91782
711625
218180
1147972
1148296
1056684
91867
1057037
965123
218453
965689
218453
965778
1058312
218716
966830
91933
966800
966857
91933
91933
218745
967029
713294
1151505
1151853
219124
968369
91964
1152600
219166
219166
219166
219226
714569
219310
969283
1153176
219310
219310
969137
1153176
1153380
219361
969793
934562
934562
219444
92108
969828
92108
715131
219507
1154537
970426
219560
219560
219560
935600
971088
219735
219770
92261
971374
219770
971785
1064093
219895
971785
936497
972261
937100
972327
717099
92384
1064730
972384
220014
92384
220014
92454
1157324
220041
1065371
220098
92544
92560
220197
1158374
1065970
220236
220236
1066506
938891
220435
974483
220509
1067324
220567
220567
220567
939332
92575
974752
92575
92575
974954
1067565
1068689
92653
976028
1161353
940481
220927
1069005
976248
92653
220927
220927
92653
1162148
92710
1162148
221028
221028
1162148
976709
1069438
92710
221110
221110
1069851
941366
221110
1162476
221204
221204
977831
977955
221303
221303
977809
1070598
1070598
977869
978187
978165
978187
92710
942755
721195
221573
721327
221659
221659
221757
221757
221757
221757
221831
221831
92765
721974
1073232
722230
92765
222069
1073797
981201
722460
92818
222123
981219
1166956
722671
944807
981301
1166956
92818
981323
722671
1074223
222149
1074138
981447
222149
222149
222149
981403
1167262
222216
222297
1075079
1167944
1167944
222297
982047
222358
982269
222358
222627
222627
93083
947639
1077290
947666
984235
1077741
984324
1077741
725610
984761
222876
222900
222900
222959
223029
1078926
985455
93452
985477
985613
1079062
1079147
223063
223063
223063
1172514
223127
1079989
950102
726848
223267
223339
726992
93465
223339
93465
93465
223339
1080192
223432
93465
987137
223432
1174029
93465
223432
223437
987465
951065
223588
1174653
223588
1081273
223685
93465
1081576
223685
988092
223685
223685
988238
988550
93465
93465
1175509
93465
988613
223802
223863
93496
989230
989406
223971
224252
990607
224252
93690
224283
991167
224361
93690
224579
1180041
992430
224632
224634
730896
224752
93869
993005
224752
224752
993079
94045
993170
224804
1181404
224804
731809
1087490
224849
731899
224849
956735
224849
1181584
993632
993798
94345
993934
993788
94345
225011
732976
994276
225011
994276
1182985
225033
994364
94421
1183301
994440
994528
225033
994746
994624
1089424
734056
995168
225164
995168
94603
225164
734056
995203
995292
995275
1184443
1184443
225182
225182
94603
995492
1184695
959450
734218
1090177
1184695
995616
225400
225400
225400
225400
225400
1185656
996547
225474
225631
225631
225631
960908
225631
94703
1091921
225631
997136
94703
94703
997498
997520
225727
225727
225727
1092565
225727
225727
997774
997685
997756
225727
225727
225727
997721
1187796
1189198
999089
963167
1189594
1189594
226178
1094788
999741
226178
999830
95085
226178
226189
95085
226341
737856
226397
95085
226397
737968
226397
226397
1000893
95085
738106
95092
226466
1095954
226466
1000989
226466
95092
95092
226466
226466
226466
95098
226480
1191256
95098
226514
1096243
1001418
1191832
1191832
226658
738529
95098
738529
95098
226745
1097082
1002022
226780
226780
1002214
226780
226921
1002800
1002859
739591
1193452
95266
1193688
1098911
227097
227097
227097
740254
1003872
227105
227105
1003810
1099616
740788
1004530
1100278
227344
227344
1005163
227528
227528
227528
95669
227528
227528
1101356
227528
969497
1101844
1197583
227615
227630
970013
970013
227670
227670
227670
227670
1102064
227670
95739
227876
227876
227876
227877
1007474
1007350
227902
227913
227913
1103309
1007429
227913
1007394
1199057
227913
95918
227940
227940
1199579
227964
227964
1007892
228076
1008245
228076
96032
228076
1105075
1008996
228255
1008961
96032
1008999
1009411
1009697
1009697
1009821
1009821
1202314
228701
228701
1106774
1106951
1107230
974447
1107691
975020
229006
96032
1204026
1012000
96089
229034
96089
1108391
1204438
1108463
1012490
229078
1012614
976226
229171
229171
96269
229171
229171
96276
96276
1012847
747089
229203
229203
229203
229269
976793
229269
1109742
1013630
229332
1014363
96514
96514
1014418
1014383
96514
96514
229490
1207408
229490
1014418
1014383
96514
1111035
1014715
1207740
229573
229573
229635
96514
229684
229684
96514
96514
1208960
1016567
1113243
979736
1016691
1209752
230016
1113158
1016943
230215
1018067
1018067
230338
96828
1018241
230426
230426
1212178
1018593
1212178
230560
230560
751701
96856
96856
1019533
230732
1116631
1116631
96856
230732
1019897
1019897
230783
230795
1020352
1020295
1020441
752263
230888
1117439
230934
1020479
230934
1020625
96940
96940
1020619
1020619
1117871
231084
1118207
1021163
1215062
231084
1118207
1021451
231217
231217
1215594
231217
231301
1022053
231301
753635
753635
1119634
1119634
1119719
985259
231413
231413
1119644
1119644
231413
1022728
231434
1217256
231484
231484
1217256
97138
1023018
97138
231484
1023107
231539
231556
97138
986123
231556
231556
1218499
97183
1024171
97183
987704
755738
1025756
755738
1122912
1025856
1122912
97183
232160
232160
232262
755992
1123978
1026737
756443
97244
232459
1027113
232459
1124582
1124667
232552
232618
232771
232856
232856
757372
757372
232856
990506
232953
232953
97251
232953
1223503
1223579
97291
1029120
97291
232980
1223852
232980
97342
97342
97342
1224476
1127134
97342
1029923
97342
233137
97353
1224513
233137
233172
233172
233172
1030171
1127494
1030025
1030025
97450
233239
991973
1030315
233239
97450
758781
758781
1225328
233268
1127878
1030578
1030521
1225440
97450
1225808
992420
1031215
1226112
1129143
97450
759395
97450
97532
1032279
233794
233794
97602
233861
1228711
1228711
233861
1033264
1130924
1033175
97886
1229975
234095
1034320
1034298
996548
234183
234225
1133111
234289
1133367
1035153
234289
1133367
1035153
1133404
1035271
234289
234289
1231575
1035271
1231575
98268
234366
234366
1232432
234383
234383
1232836
1232836
234467
763915
1036131
234467
234467
98369
1036318
234560
234625
234625
999194
764764
98455
1135776
1037703
234800
234800
234916
234927
235039
1038570
1137087
1235472
235039
1000433
1038513
235039
1137175
1038614
1000565
1137175
1038579
235039
235046
1235632
98599
1137997
1039351
766120
98599
235269
98599
235364
1040088
1040068
1138762
235449
235449
235449
235449
1238222
1139467
235502
1139875
1041025
1003394
1238944
1140002
235778
98948
1041969
1239975
1239995
1141169
768522
1240115
235803
1042184
235886
1043190
1142272
99085
1241357
1043314
99085
99085
99165
236138
236138
1241953
236138
1241953
99165
236157
236157
1043746
1043746
1043746
1142882
236218
236285
236346
236346
236346
236346
236346
1143835
1044647
1143835
1243088
1044790
1044848
1144237
99431
1044759
236346
1044724
1243583
1243695
236409
1243835
236409
1045537
236494
1045488
99528
99528
236504
99528
1045488
1244506
1045577
236504
1008233
1045654
236524
99605
99605
236524
1045588
1045645
236524
1145212
1245189
236611
236641
1046739
236731
236826
1146774
99782
1147059
99782
236876
99858
237056
1047991
237056
773715
1148066
237111
237111
237111
237169
237210
1048731
237222
1248557
99921
774126
1049070
1048981
237279
774240
1148949
99921
237290
1011539
1049000
1049146
1049057
1148940
237298
237298
237298
1049071
1249074
99992
99992
774491
